nohup: ignoring input
[2025-08-26 16:31:45,203][__main__][INFO] - Initializing training.
[2025-08-26 16:31:45,203][__main__][INFO] - Python version: 3.10.18 | packaged by conda-forge | (main, Jun  4 2025, 14:45:41) [GCC 13.3.0]
[2025-08-26 16:31:45,203][__main__][INFO] - Torch version: 2.4.1+cu121
[2025-08-26 16:31:45,203][__main__][INFO] - CUDA version: 12.1
[2025-08-26 16:31:45,207][__main__][INFO] - Imported hydra config:
train_path: /data/48/wuqian/Proteometools/part1/anno_mgf/1461_trainValid_split/train.mgf
valid_path: /data/48/wuqian/Proteometools/part1/anno_mgf/1461_trainValid_split/valid.mgf
profiler: false
epochs: 30
num_sanity_val_steps: 10
console_logging_steps: 50
tensorboard_logging_steps: 500
report_to: null
run_name: 1461high_trainValid_splited
dim_model: 768
n_head: 16
dim_feedforward: 1024
n_layers: 9
dropout: 0.1
use_flash_attention: false
conv_peak_encoder: false
n_peaks: 200
min_mz: 50.0
max_mz: 2500.0
min_intensity: 0.01
remove_precursor_tol: 2.0
max_charge: 10
precursor_mass_tol: 50
isotope_error_range:
- 0
- 1
predict_batch_size: 128
max_length: 40
tb_summarywriter: /data/48/wuqian/fast/TipsNovo/log
warmup_iters: 480
max_iters: 3000000
learning_rate: 0.0001
train_batch_size: 192
grad_accumulation: 1
weight_decay: 1.0e-05
gradient_clip_val: 10.0
n_beams: 5
compile_model: true
device: auto
n_gpu: 1
fp16: true
train_subset: 1
valid_subset: 1
val_check_interval: 1.0
lazy_loading: true
max_shard_size: 1000000
preshuffle_shards: true
perform_data_checks: true
validate_precursor_mass: false
verbose_loading: true
model_save_folder_path: /data/48/wuqian/fast/TipsNovo/model_save/
save_model: true
save_weights_only: false
ckpt_interval: 2000
train_from_scratch: true
resume_checkpoint: null
residues:
  G: 57.021464
  A: 71.037114
  S: 87.032028
  P: 97.052764
  V: 99.068414
  T: 101.04767
  C: 103.009185
  L: 113.084064
  I: 113.084064
  'N': 114.042927
  D: 115.026943
  Q: 128.058578
  K: 128.094963
  E: 129.042593
  M: 131.040485
  H: 137.058912
  F: 147.068414
  R: 156.101111
  'Y': 163.063329
  W: 186.079313
  M[UNIMOD:35]: 147.0354
  C[UNIMOD:4]: 160.030649
  N[UNIMOD:7]: 115.026943
  Q[UNIMOD:7]: 129.042594
  S[UNIMOD:21]: 166.998028
  T[UNIMOD:21]: 181.01367
  Y[UNIMOD:21]: 243.029329
  '[UNIMOD:1]': 42.010565
  '[UNIMOD:5]': 43.005814
  '[UNIMOD:385]': -17.026549

[2025-08-26 16:31:45,213][__main__][INFO] - Starting transformer training
[2025-08-26 16:31:45,213][__main__][INFO] - Vocab: {0: '[PAD]', 1: '[SOS]', 2: '[EOS]', 3: 'G', 4: 'A', 5: 'S', 6: 'P', 7: 'V', 8: 'T', 9: 'C', 10: 'L', 11: 'I', 12: 'N', 13: 'D', 14: 'Q', 15: 'K', 16: 'E', 17: 'M', 18: 'H', 19: 'F', 20: 'R', 21: 'Y', 22: 'W', 23: 'M[UNIMOD:35]', 24: 'C[UNIMOD:4]', 25: 'N[UNIMOD:7]', 26: 'Q[UNIMOD:7]', 27: 'S[UNIMOD:21]', 28: 'T[UNIMOD:21]', 29: 'Y[UNIMOD:21]', 30: '[UNIMOD:1]', 31: '[UNIMOD:5]', 32: '[UNIMOD:385]'}
[2025-08-26 16:31:45,213][__main__][INFO] - Loading data
[2025-08-26 16:31:45,254][instanovo.utils.data_handler][INFO] - Loading file 001 of 001: /data/48/wuqian/Proteometools/part1/anno_mgf/1461_trainValid_split/train.mgf
[2025-08-26 16:57:52,955][instanovo.utils.data_handler][INFO] - Saving temporary file to /tmp/tmpec4hzdvx/temp_6e3b1c3c3042420db35c083be85b1097.parquet
[2025-08-26 16:58:02,221][instanovo.utils.data_handler][INFO] - Saving temporary file to /tmp/tmpec4hzdvx/temp_c85774517e1a4d9fb6f613c1876d6eda.parquet
[2025-08-26 16:58:13,292][instanovo.utils.data_handler][INFO] - Verifying loaded data
[2025-08-26 16:58:13,369][instanovo.utils.data_handler][INFO] - Pre-shuffling across 002 shards. This may take a while...
[2025-08-26 16:58:13,370][instanovo.utils.data_handler][INFO] - Computing new mapping per original shard
[2025-08-26 16:58:13,409][instanovo.utils.data_handler][INFO] - Extracting rows to create shuffled shards
[2025-08-26 16:59:16,851][instanovo.utils.data_handler][INFO] - Writing shuffled shard 000/002 to /tmp/tmpec4hzdvx/temp_dc61a86453ee4fe099a67d8255366739.parquet [00:01:03/00:01:03, 63.442s/it]
[2025-08-26 16:59:37,663][instanovo.utils.data_handler][INFO] - Writing shuffled shard 001/002 to /tmp/tmpec4hzdvx/temp_0b6739b294d645f5b2fb877e3aefa916.parquet [00:01:24/00:00:00, 42.127s/it]
[2025-08-26 16:59:37,663][instanovo.utils.data_handler][INFO] - Removing unshuffled shards
[2025-08-26 16:59:47,233][instanovo.utils.data_handler][INFO] - Pre-shuffle complete
[2025-08-26 17:01:46,285][__main__][INFO] - Checking for unknown residues in 1,262,032 rows.
[2025-08-26 17:01:48,975][__main__][WARNING] - Unsupported residues found in evaluation set! These rows will be dropped.
[2025-08-26 17:01:48,975][__main__][INFO] - New residues found: 
{'O'}
[2025-08-26 17:01:48,975][__main__][INFO] - Residues supported: 
{'F', 'Y', 'T[UNIMOD:21]', 'Q[UNIMOD:7]', 'A', 'N', 'R', 'L', '[UNIMOD:385]', 'M', 'C', 'E', 'Q', 'G', 'S[UNIMOD:21]', '[EOS]', 'T', 'K', 'P', 'Y[UNIMOD:21]', '[SOS]', 'H', 'C[UNIMOD:4]', 'W', 'N[UNIMOD:7]', 'M[UNIMOD:35]', '[UNIMOD:5]', '[PAD]', 'S', 'V', 'D', 'I', '[UNIMOD:1]'}
[2025-08-26 17:02:26,433][__main__][WARNING] - 1 (0.00%) training rows dropped.
[2025-08-26 17:02:26,434][__main__][WARNING] - 0 (0.00%) validation rows dropped.
[2025-08-26 17:03:06,544][__main__][INFO] - Data loaded: 1,182,693 training samples; 79,338 validation samples
[2025-08-26 17:03:06,844][__main__][INFO] - Checking if any validation set overlaps with training set...
/home/qwu/soft/casanovo/code/test_instanovo/instanovo/transformer/train.py:738: DeprecationWarning: `is_in` with a collection of the same datatype is ambiguous and deprecated.
Please use `implode` to return to previous behavior.

See https://github.com/pola-rs/polars/issues/22149 for more information.
  leakage = any(valid_sequences.is_in(train_sequences))
[2025-08-26 17:03:06,874][__main__][INFO] - No data leakage!
[2025-08-26 17:03:06,874][__main__][INFO] - Model checkpointing every 0.32 epochs.
[2025-08-26 17:03:06,875][__main__][INFO] - Updates per epoch: 6,160, step_scale=0.16666666666666666
[2025-08-26 17:03:22,271][__main__][INFO] - Sample batch:
[2025-08-26 17:03:22,272][__main__][INFO] -  - spectra.shape=torch.Size([192, 200, 2])
[2025-08-26 17:03:22,272][__main__][INFO] -  - precursors.shape=torch.Size([192, 3])
[2025-08-26 17:03:22,272][__main__][INFO] -  - spectra_mask.shape=torch.Size([192, 200])
[2025-08-26 17:03:22,272][__main__][INFO] -  - peptides.shape=torch.Size([192, 41])
[2025-08-26 17:03:22,272][__main__][INFO] -  - peptides_mask.shape=torch.Size([192, 41])
[2025-08-26 17:03:22,410][__main__][INFO] - Model loaded with 94,619,169 parameters
[2025-08-26 17:03:22,410][__main__][INFO] - Test forward pass:
[2025-08-26 17:03:27,243][__main__][INFO] -  - y.shape=torch.Size([192, 42, 33])
[2025-08-26 17:03:27,995][__main__][INFO] - Model saving enabled
[2025-08-26 17:03:27,995][__main__][INFO] - Saving every 2000 training steps to /data/48/wuqian/fast/TipsNovo/model_save/
[2025-08-26 17:03:27,995][__main__][INFO] - Initializing Pytorch Lightning trainer.
/home/qwu/anaconda3/envs/instanovo2/lib/python3.10/site-packages/lightning/fabric/plugins/environments/slurm.py:204: The `srun` command is available on your system but is not used. HINT: If your intention is to run Lightning on SLURM, prepend your python command with `srun` like so: srun python /home/qwu/soft/casanovo/code/test_instanovo/instanov ...
Using 16bit Automatic Mixed Precision (AMP)
GPU available: True (cuda), used: True
TPU available: False, using: 0 TPU cores
HPU available: False, using: 0 HPUs
`Trainer(val_check_interval=1.0)` was configured so validation will run at the end of the training epoch..
[2025-08-26 17:03:28,003][__main__][INFO] - InstaNovo training started.
Initializing distributed: GLOBAL_RANK: 0, MEMBER: 1/2
[2025-08-26 17:03:34,765][__main__][INFO] - Initializing training.
[2025-08-26 17:03:34,765][__main__][INFO] - Python version: 3.10.18 | packaged by conda-forge | (main, Jun  4 2025, 14:45:41) [GCC 13.3.0]
[2025-08-26 17:03:34,765][__main__][INFO] - Torch version: 2.4.1+cu121
[2025-08-26 17:03:34,765][__main__][INFO] - CUDA version: 12.1
[2025-08-26 17:03:34,769][__main__][INFO] - Imported hydra config:
train_path: /data/48/wuqian/Proteometools/part1/anno_mgf/1461_trainValid_split/train.mgf
valid_path: /data/48/wuqian/Proteometools/part1/anno_mgf/1461_trainValid_split/valid.mgf
profiler: false
epochs: 30
num_sanity_val_steps: 10
console_logging_steps: 50
tensorboard_logging_steps: 500
report_to: null
run_name: 1461high_trainValid_splited
dim_model: 768
n_head: 16
dim_feedforward: 1024
n_layers: 9
dropout: 0.1
use_flash_attention: false
conv_peak_encoder: false
n_peaks: 200
min_mz: 50.0
max_mz: 2500.0
min_intensity: 0.01
remove_precursor_tol: 2.0
max_charge: 10
precursor_mass_tol: 50
isotope_error_range:
- 0
- 1
predict_batch_size: 128
max_length: 40
tb_summarywriter: /data/48/wuqian/fast/TipsNovo/log
warmup_iters: 480
max_iters: 3000000
learning_rate: 0.0001
train_batch_size: 192
grad_accumulation: 1
weight_decay: 1.0e-05
gradient_clip_val: 10.0
n_beams: 5
compile_model: true
device: auto
n_gpu: 1
fp16: true
train_subset: 1
valid_subset: 1
val_check_interval: 1.0
lazy_loading: true
max_shard_size: 1000000
preshuffle_shards: true
perform_data_checks: true
validate_precursor_mass: false
verbose_loading: true
model_save_folder_path: /data/48/wuqian/fast/TipsNovo/model_save/
save_model: true
save_weights_only: false
ckpt_interval: 2000
train_from_scratch: true
resume_checkpoint: null
residues:
  G: 57.021464
  A: 71.037114
  S: 87.032028
  P: 97.052764
  V: 99.068414
  T: 101.04767
  C: 103.009185
  L: 113.084064
  I: 113.084064
  'N': 114.042927
  D: 115.026943
  Q: 128.058578
  K: 128.094963
  E: 129.042593
  M: 131.040485
  H: 137.058912
  F: 147.068414
  R: 156.101111
  'Y': 163.063329
  W: 186.079313
  M[UNIMOD:35]: 147.0354
  C[UNIMOD:4]: 160.030649
  N[UNIMOD:7]: 115.026943
  Q[UNIMOD:7]: 129.042594
  S[UNIMOD:21]: 166.998028
  T[UNIMOD:21]: 181.01367
  Y[UNIMOD:21]: 243.029329
  '[UNIMOD:1]': 42.010565
  '[UNIMOD:5]': 43.005814
  '[UNIMOD:385]': -17.026549

[2025-08-26 17:03:34,773][__main__][INFO] - Starting transformer training
[2025-08-26 17:03:34,773][__main__][INFO] - Vocab: {0: '[PAD]', 1: '[SOS]', 2: '[EOS]', 3: 'G', 4: 'A', 5: 'S', 6: 'P', 7: 'V', 8: 'T', 9: 'C', 10: 'L', 11: 'I', 12: 'N', 13: 'D', 14: 'Q', 15: 'K', 16: 'E', 17: 'M', 18: 'H', 19: 'F', 20: 'R', 21: 'Y', 22: 'W', 23: 'M[UNIMOD:35]', 24: 'C[UNIMOD:4]', 25: 'N[UNIMOD:7]', 26: 'Q[UNIMOD:7]', 27: 'S[UNIMOD:21]', 28: 'T[UNIMOD:21]', 29: 'Y[UNIMOD:21]', 30: '[UNIMOD:1]', 31: '[UNIMOD:5]', 32: '[UNIMOD:385]'}
[2025-08-26 17:03:34,773][__main__][INFO] - Loading data
[2025-08-26 17:03:34,774][instanovo.utils.data_handler][INFO] - Loading file 001 of 001: /data/48/wuqian/Proteometools/part1/anno_mgf/1461_trainValid_split/train.mgf
[2025-08-26 17:28:52,057][instanovo.utils.data_handler][INFO] - Saving temporary file to /tmp/tmp9cf0ztlb/temp_b0b14de240c64c4cbd492ac417b96761.parquet
[2025-08-26 17:29:01,833][instanovo.utils.data_handler][INFO] - Saving temporary file to /tmp/tmp9cf0ztlb/temp_699ec72236864a67b914cab91a11190d.parquet
[2025-08-26 17:29:12,678][instanovo.utils.data_handler][INFO] - Verifying loaded data
[2025-08-26 17:29:12,755][instanovo.utils.data_handler][INFO] - Pre-shuffling across 002 shards. This may take a while...
[2025-08-26 17:29:12,755][instanovo.utils.data_handler][INFO] - Computing new mapping per original shard
[2025-08-26 17:29:12,793][instanovo.utils.data_handler][INFO] - Extracting rows to create shuffled shards
[2025-08-26 17:30:16,107][instanovo.utils.data_handler][INFO] - Writing shuffled shard 000/002 to /tmp/tmp9cf0ztlb/temp_ea027d95246d41fda985f0e87456bccf.parquet [00:01:03/00:01:03, 63.313s/it]
[2025-08-26 17:30:36,727][instanovo.utils.data_handler][INFO] - Writing shuffled shard 001/002 to /tmp/tmp9cf0ztlb/temp_032d7e6c63ab4e37a70ebd2907093b0f.parquet [00:01:23/00:00:00, 41.967s/it]
[2025-08-26 17:30:36,727][instanovo.utils.data_handler][INFO] - Removing unshuffled shards
[2025-08-26 17:30:47,480][instanovo.utils.data_handler][INFO] - Pre-shuffle complete
[2025-08-26 17:32:45,438][__main__][INFO] - Checking for unknown residues in 1,262,032 rows.
[2025-08-26 17:32:48,111][__main__][WARNING] - Unsupported residues found in evaluation set! These rows will be dropped.
[2025-08-26 17:32:48,111][__main__][INFO] - New residues found: 
{'O'}
[2025-08-26 17:32:48,111][__main__][INFO] - Residues supported: 
{'C', '[PAD]', 'D', 'T[UNIMOD:21]', 'C[UNIMOD:4]', 'Y', 'T', '[UNIMOD:385]', 'E', 'Q[UNIMOD:7]', 'A', 'G', '[UNIMOD:5]', '[EOS]', 'Y[UNIMOD:21]', 'S[UNIMOD:21]', 'V', 'I', 'L', 'P', 'M[UNIMOD:35]', 'W', 'M', '[UNIMOD:1]', 'F', 'K', '[SOS]', 'S', 'H', 'N', 'Q', 'N[UNIMOD:7]', 'R'}
[2025-08-26 17:33:26,662][__main__][WARNING] - 1 (0.00%) training rows dropped.
[2025-08-26 17:33:26,663][__main__][WARNING] - 0 (0.00%) validation rows dropped.
Error executing job with overrides: []
Traceback (most recent call last):
  File "/home/qwu/soft/casanovo/code/test_instanovo/instanovo/transformer/train.py", line 1207, in main
    train(config)
  File "/home/qwu/soft/casanovo/code/test_instanovo/instanovo/transformer/train.py", line 1037, in train
    trainer.fit(ptmodel, train_dl, valid_dl)
  File "/home/qwu/anaconda3/envs/instanovo2/lib/python3.10/site-packages/lightning/pytorch/trainer/trainer.py", line 561, in fit
    call._call_and_handle_interrupt(
  File "/home/qwu/anaconda3/envs/instanovo2/lib/python3.10/site-packages/lightning/pytorch/trainer/call.py", line 47, in _call_and_handle_interrupt
    return trainer.strategy.launcher.launch(trainer_fn, *args, trainer=trainer, **kwargs)
  File "/home/qwu/anaconda3/envs/instanovo2/lib/python3.10/site-packages/lightning/pytorch/strategies/launchers/subprocess_script.py", line 105, in launch
    return function(*args, **kwargs)
  File "/home/qwu/anaconda3/envs/instanovo2/lib/python3.10/site-packages/lightning/pytorch/trainer/trainer.py", line 599, in _fit_impl
    self._run(model, ckpt_path=ckpt_path)
  File "/home/qwu/anaconda3/envs/instanovo2/lib/python3.10/site-packages/lightning/pytorch/trainer/trainer.py", line 968, in _run
    self.strategy.setup_environment()
  File "/home/qwu/anaconda3/envs/instanovo2/lib/python3.10/site-packages/lightning/pytorch/strategies/ddp.py", line 154, in setup_environment
    self.setup_distributed()
  File "/home/qwu/anaconda3/envs/instanovo2/lib/python3.10/site-packages/lightning/pytorch/strategies/ddp.py", line 203, in setup_distributed
    _init_dist_connection(self.cluster_environment, self._process_group_backend, timeout=self._timeout)
  File "/home/qwu/anaconda3/envs/instanovo2/lib/python3.10/site-packages/lightning/fabric/utilities/distributed.py", line 298, in _init_dist_connection
    torch.distributed.init_process_group(torch_distributed_backend, rank=global_rank, world_size=world_size, **kwargs)
  File "/home/qwu/anaconda3/envs/instanovo2/lib/python3.10/site-packages/torch/distributed/c10d_logger.py", line 79, in wrapper
    return func(*args, **kwargs)
  File "/home/qwu/anaconda3/envs/instanovo2/lib/python3.10/site-packages/torch/distributed/c10d_logger.py", line 93, in wrapper
    func_return = func(*args, **kwargs)
  File "/home/qwu/anaconda3/envs/instanovo2/lib/python3.10/site-packages/torch/distributed/distributed_c10d.py", line 1361, in init_process_group
    store, rank, world_size = next(rendezvous_iterator)
  File "/home/qwu/anaconda3/envs/instanovo2/lib/python3.10/site-packages/torch/distributed/rendezvous.py", line 258, in _env_rendezvous_handler
    store = _create_c10d_store(master_addr, master_port, rank, world_size, timeout, use_libuv)
  File "/home/qwu/anaconda3/envs/instanovo2/lib/python3.10/site-packages/torch/distributed/rendezvous.py", line 185, in _create_c10d_store
    return TCPStore(
torch.distributed.DistStoreError: Timed out after 1801 seconds waiting for clients. 1/2 clients joined.

Set the environment variable HYDRA_FULL_ERROR=1 for a complete stack trace.
[2025-08-26 17:34:05,300][__main__][INFO] - Data loaded: 1,182,693 training samples; 79,338 validation samples
[2025-08-26 17:34:05,696][__main__][INFO] - Checking if any validation set overlaps with training set...
/home/qwu/soft/casanovo/code/test_instanovo/instanovo/transformer/train.py:738: DeprecationWarning: `is_in` with a collection of the same datatype is ambiguous and deprecated.
Please use `implode` to return to previous behavior.

See https://github.com/pola-rs/polars/issues/22149 for more information.
  leakage = any(valid_sequences.is_in(train_sequences))
[2025-08-26 17:34:05,741][__main__][INFO] - No data leakage!
[2025-08-26 17:34:05,742][__main__][INFO] - Model checkpointing every 0.32 epochs.
[2025-08-26 17:34:05,742][__main__][INFO] - Updates per epoch: 6,160, step_scale=0.16666666666666666
[2025-08-26 17:34:16,020][__main__][INFO] - Sample batch:
[2025-08-26 17:34:16,020][__main__][INFO] -  - spectra.shape=torch.Size([192, 200, 2])
[2025-08-26 17:34:16,020][__main__][INFO] -  - precursors.shape=torch.Size([192, 3])
[2025-08-26 17:34:16,020][__main__][INFO] -  - spectra_mask.shape=torch.Size([192, 200])
[2025-08-26 17:34:16,020][__main__][INFO] -  - peptides.shape=torch.Size([192, 41])
[2025-08-26 17:34:16,020][__main__][INFO] -  - peptides_mask.shape=torch.Size([192, 41])
[2025-08-26 17:34:16,187][__main__][INFO] - Model loaded with 94,619,169 parameters
[2025-08-26 17:34:16,187][__main__][INFO] - Test forward pass:
[2025-08-26 17:34:21,909][__main__][INFO] -  - y.shape=torch.Size([192, 42, 33])
[2025-08-26 17:34:22,950][__main__][INFO] - Model saving enabled
[2025-08-26 17:34:22,951][__main__][INFO] - Saving every 2000 training steps to /data/48/wuqian/fast/TipsNovo/model_save/
[2025-08-26 17:34:22,951][__main__][INFO] - Initializing Pytorch Lightning trainer.
[2025-08-26 17:34:22,964][__main__][INFO] - InstaNovo training started.
Initializing distributed: GLOBAL_RANK: 1, MEMBER: 2/2
