[2025-08-26 18:59:50,140][__main__][INFO] - Initializing training.
[2025-08-26 18:59:50,140][__main__][INFO] - Python version: 3.10.18 | packaged by conda-forge | (main, Jun  4 2025, 14:45:41) [GCC 13.3.0]
[2025-08-26 18:59:50,140][__main__][INFO] - Torch version: 2.4.1+cu121
[2025-08-26 18:59:50,140][__main__][INFO] - CUDA version: 12.1
[2025-08-26 18:59:50,144][__main__][INFO] - Imported hydra config:
train_path: /data/48/wuqian/Proteometools/part1/parquet/1461_trainValid_split/train/*.parquet
profiler: false
epochs: 30
num_sanity_val_steps: 10
console_logging_steps: 50
tensorboard_logging_steps: 500
report_to: null
run_name: 1461high_trainValid_splited
dim_model: 768
n_head: 16
dim_feedforward: 1024
n_layers: 9
dropout: 0.1
use_flash_attention: false
conv_peak_encoder: false
n_peaks: 200
min_mz: 50.0
max_mz: 2500.0
min_intensity: 0.01
remove_precursor_tol: 2.0
max_charge: 10
precursor_mass_tol: 50
isotope_error_range:
- 0
- 1
predict_batch_size: 128
max_length: 40
tb_summarywriter: /data/48/wuqian/fast/TipsNovo/log
warmup_iters: 480
max_iters: 3000000
learning_rate: 0.0001
train_batch_size: 192
grad_accumulation: 1
weight_decay: 1.0e-05
gradient_clip_val: 10.0
n_beams: 5
compile_model: true
device: auto
n_gpu: 1
fp16: true
train_subset: 1
valid_subset_of_train: 0.01
valid_subset: 1
val_check_interval: 1.0
lazy_loading: true
max_shard_size: 1000000
preshuffle_shards: false
perform_data_checks: true
validate_precursor_mass: false
verbose_loading: true
model_save_folder_path: /data/48/wuqian/fast/TipsNovo/model_save/
save_model: true
save_weights_only: false
ckpt_interval: 2000
train_from_scratch: true
resume_checkpoint: null
residues:
  G: 57.021464
  A: 71.037114
  S: 87.032028
  P: 97.052764
  V: 99.068414
  T: 101.04767
  C: 103.009185
  L: 113.084064
  I: 113.084064
  'N': 114.042927
  D: 115.026943
  Q: 128.058578
  K: 128.094963
  E: 129.042593
  M: 131.040485
  H: 137.058912
  F: 147.068414
  R: 156.101111
  'Y': 163.063329
  W: 186.079313
  M[UNIMOD:35]: 147.0354
  C[UNIMOD:4]: 160.030649
  N[UNIMOD:7]: 115.026943
  Q[UNIMOD:7]: 129.042594
  S[UNIMOD:21]: 166.998028
  T[UNIMOD:21]: 181.01367
  Y[UNIMOD:21]: 243.029329
  '[UNIMOD:1]': 42.010565
  '[UNIMOD:5]': 43.005814
  '[UNIMOD:385]': -17.026549

[2025-08-26 18:59:50,149][__main__][INFO] - Starting transformer training
[2025-08-26 18:59:50,149][__main__][INFO] - Vocab: {0: '[PAD]', 1: '[SOS]', 2: '[EOS]', 3: 'G', 4: 'A', 5: 'S', 6: 'P', 7: 'V', 8: 'T', 9: 'C', 10: 'L', 11: 'I', 12: 'N', 13: 'D', 14: 'Q', 15: 'K', 16: 'E', 17: 'M', 18: 'H', 19: 'F', 20: 'R', 21: 'Y', 22: 'W', 23: 'M[UNIMOD:35]', 24: 'C[UNIMOD:4]', 25: 'N[UNIMOD:7]', 26: 'Q[UNIMOD:7]', 27: 'S[UNIMOD:21]', 28: 'T[UNIMOD:21]', 29: 'Y[UNIMOD:21]', 30: '[UNIMOD:1]', 31: '[UNIMOD:5]', 32: '[UNIMOD:385]'}
[2025-08-26 18:59:50,149][__main__][INFO] - Loading data
[2025-08-26 18:59:59,550][instanovo.utils.data_handler][INFO] - Verifying loaded data
[2025-08-26 19:00:10,648][__main__][INFO] - Validation path not specified, generating from training set.
[2025-08-26 19:01:09,766][__main__][INFO] - Data splits saved to /data/48/wuqian/fast/TipsNovo/model_save/splits.csv
[2025-08-26 19:01:09,766][__main__][INFO] - Checking for unknown residues in 1,182,694 rows.
[2025-08-26 19:01:12,220][__main__][WARNING] - Unsupported residues found in evaluation set! These rows will be dropped.
[2025-08-26 19:01:12,221][__main__][INFO] - New residues found: 
{'O'}
[2025-08-26 19:01:12,221][__main__][INFO] - Residues supported: 
{'M', '[UNIMOD:385]', 'E', 'I', 'H', 'F', 'Q', 'Y', 'D', 'S[UNIMOD:21]', '[EOS]', 'R', 'W', 'K', 'M[UNIMOD:35]', 'T', '[SOS]', 'Q[UNIMOD:7]', 'V', 'T[UNIMOD:21]', 'P', 'G', '[UNIMOD:5]', 'N', 'Y[UNIMOD:21]', '[UNIMOD:1]', 'C', 'C[UNIMOD:4]', '[PAD]', 'A', 'L', 'N[UNIMOD:7]', 'S'}
[2025-08-26 19:02:18,764][__main__][WARNING] - 1 (0.00%) training rows dropped.
[2025-08-26 19:02:18,765][__main__][WARNING] - 0 (0.00%) validation rows dropped.
[2025-08-26 19:03:28,077][__main__][INFO] - Data loaded: 1,171,830 training samples; 10,863 validation samples
[2025-08-26 19:03:28,480][__main__][INFO] - Checking if any validation set overlaps with training set...
[2025-08-26 19:03:28,511][__main__][INFO] - No data leakage!
[2025-08-26 19:03:28,511][__main__][INFO] - Model checkpointing every 0.33 epochs.
[2025-08-26 19:03:28,512][__main__][INFO] - Updates per epoch: 6,104, step_scale=0.16666666666666666
[2025-08-26 19:03:47,841][__main__][INFO] - Sample batch:
[2025-08-26 19:03:47,841][__main__][INFO] -  - spectra.shape=torch.Size([192, 200, 2])
[2025-08-26 19:03:47,841][__main__][INFO] -  - precursors.shape=torch.Size([192, 3])
[2025-08-26 19:03:47,841][__main__][INFO] -  - spectra_mask.shape=torch.Size([192, 200])
[2025-08-26 19:03:47,841][__main__][INFO] -  - peptides.shape=torch.Size([192, 41])
[2025-08-26 19:03:47,841][__main__][INFO] -  - peptides_mask.shape=torch.Size([192, 41])
[2025-08-26 19:03:47,995][__main__][INFO] - Model loaded with 94,619,169 parameters
[2025-08-26 19:03:47,996][__main__][INFO] - Test forward pass:
[2025-08-26 19:03:57,102][__main__][INFO] -  - y.shape=torch.Size([192, 42, 33])
[2025-08-26 19:03:58,342][__main__][INFO] - Model saving enabled
[2025-08-26 19:03:58,342][__main__][INFO] - Saving every 2000 training steps to /data/48/wuqian/fast/TipsNovo/model_save/
[2025-08-26 19:03:58,342][__main__][INFO] - Initializing Pytorch Lightning trainer.
[2025-08-26 19:03:58,352][__main__][INFO] - InstaNovo training started.
[2025-08-26 19:04:02,800][__main__][INFO] - [VALIDATION] [Epoch 00/29] Starting validation.
[2025-08-26 19:04:21,831][__main__][INFO] - [VALIDATION] [Epoch 00/29 Step 000001] [Batch 00007/00043] [00:00:19/00:01:23, 2.379s/it]
[2025-08-26 19:04:31,562][__main__][INFO] - [TRAIN] [Epoch 00/29 Step 000008] [Batch 00008/03052] [00:00:05/00:37:24, 0.737s/it]: train_loss_raw=3.5020, running_loss=3.6042, LR=0.000001
[2025-08-26 19:04:37,631][__main__][INFO] - [TRAIN] [Epoch 00/29 Step 000016] [Batch 00016/03052] [00:00:11/00:37:51, 0.748s/it]: train_loss_raw=3.1985, running_loss=3.5830, LR=0.000003
[2025-08-26 19:04:43,737][__main__][INFO] - [TRAIN] [Epoch 00/29 Step 000024] [Batch 00024/03052] [00:00:18/00:38:00, 0.753s/it]: train_loss_raw=3.0341, running_loss=3.5458, LR=0.000005
[2025-08-26 19:04:49,926][__main__][INFO] - [TRAIN] [Epoch 00/29 Step 000032] [Batch 00032/03052] [00:00:24/00:38:09, 0.758s/it]: train_loss_raw=2.9981, running_loss=3.5049, LR=0.000006
[2025-08-26 19:04:56,053][__main__][INFO] - [TRAIN] [Epoch 00/29 Step 000040] [Batch 00040/03052] [00:00:30/00:38:08, 0.760s/it]: train_loss_raw=2.9838, running_loss=3.4647, LR=0.000008
[2025-08-26 19:05:02,016][__main__][INFO] - [TRAIN] [Epoch 00/29 Step 000048] [Batch 00048/03052] [00:00:36/00:37:55, 0.757s/it]: train_loss_raw=2.9321, running_loss=3.4252, LR=0.000010
[2025-08-26 19:05:08,003][__main__][INFO] - [TRAIN] [Epoch 00/29 Step 000056] [Batch 00056/03052] [00:00:42/00:37:45, 0.756s/it]: train_loss_raw=2.8857, running_loss=3.3859, LR=0.000011
[2025-08-26 19:05:13,891][__main__][INFO] - [TRAIN] [Epoch 00/29 Step 000064] [Batch 00064/03052] [00:00:48/00:37:31, 0.754s/it]: train_loss_raw=2.8063, running_loss=3.3441, LR=0.000013
[2025-08-26 19:05:19,780][__main__][INFO] - [TRAIN] [Epoch 00/29 Step 000072] [Batch 00072/03052] [00:00:54/00:37:19, 0.752s/it]: train_loss_raw=2.7598, running_loss=3.3002, LR=0.000015
[2025-08-26 19:05:25,628][__main__][INFO] - [TRAIN] [Epoch 00/29 Step 000080] [Batch 00080/03052] [00:00:59/00:37:07, 0.750s/it]: train_loss_raw=2.7342, running_loss=3.2578, LR=0.000016
[2025-08-26 19:05:31,562][__main__][INFO] - [TRAIN] [Epoch 00/29 Step 000088] [Batch 00088/03052] [00:01:05/00:36:59, 0.749s/it]: train_loss_raw=2.7475, running_loss=3.2169, LR=0.000018
