[2025-09-11 14:56:37,824][__main__][INFO] - Initializing training.
[2025-09-11 14:56:37,824][__main__][INFO] - Python version: 3.10.15 | packaged by conda-forge | (main, Oct 16 2024, 01:24:24) [GCC 13.3.0]
[2025-09-11 14:56:37,824][__main__][INFO] - Torch version: 2.4.1+cu121
[2025-09-11 14:56:37,824][__main__][INFO] - CUDA version: 12.1
[2025-09-11 14:56:37,829][__main__][INFO] - Imported hydra config:
train_path: /data/48/wuqian/Proteometools/part1/parquet/1461_trainValid_split/train.parquet
valid_path: /data/48/wuqian/Proteometools/part1/parquet/1461_trainValid_split/valid.parquet
profiler: false
epochs: 30
num_sanity_val_steps: 10
console_logging_steps: 50
tensorboard_logging_steps: 500
report_to: null
run_name: Shuffle_1461high_TrainValid_split_noLazy
dim_model: 768
n_head: 16
dim_feedforward: 1024
n_layers: 9
dropout: 0.1
use_flash_attention: false
conv_peak_encoder: false
n_peaks: 200
min_mz: 50.0
max_mz: 2500.0
min_intensity: 0.01
remove_precursor_tol: 2.0
max_charge: 10
precursor_mass_tol: 50
isotope_error_range:
- 0
- 1
predict_batch_size: 128
max_length: 40
tb_summarywriter: /data/48/wuqian/fast/TipsNovo/log
warmup_iters: 480
max_iters: 3000000
learning_rate: 0.0001
train_batch_size: 192
grad_accumulation: 1
weight_decay: 1.0e-05
gradient_clip_val: 10.0
n_beams: 5
compile_model: true
device: auto
n_gpu: 1
fp16: true
train_subset: 1
valid_subset: 1
val_check_interval: 1.0
lazy_loading: false
max_shard_size: 1000000
preshuffle_shards: false
perform_data_checks: true
validate_precursor_mass: false
verbose_loading: true
model_save_folder_path: /data/48/wuqian/fast/TipsNovo/model_save/
save_model: true
save_weights_only: false
ckpt_interval: 2000
train_from_scratch: true
resume_checkpoint: null
residues:
  G: 57.021464
  A: 71.037114
  S: 87.032028
  P: 97.052764
  V: 99.068414
  T: 101.04767
  C: 103.009185
  L: 113.084064
  I: 113.084064
  'N': 114.042927
  D: 115.026943
  Q: 128.058578
  K: 128.094963
  E: 129.042593
  M: 131.040485
  H: 137.058912
  F: 147.068414
  R: 156.101111
  'Y': 163.063329
  W: 186.079313
  M[UNIMOD:35]: 147.0354
  C[UNIMOD:4]: 160.030649
  N[UNIMOD:7]: 115.026943
  Q[UNIMOD:7]: 129.042594
  S[UNIMOD:21]: 166.998028
  T[UNIMOD:21]: 181.01367
  Y[UNIMOD:21]: 243.029329
  '[UNIMOD:1]': 42.010565
  '[UNIMOD:5]': 43.005814
  '[UNIMOD:385]': -17.026549

[2025-09-11 14:56:37,833][__main__][INFO] - Starting transformer training
[2025-09-11 14:56:37,834][__main__][INFO] - Vocab: {0: '[PAD]', 1: '[SOS]', 2: '[EOS]', 3: 'G', 4: 'A', 5: 'S', 6: 'P', 7: 'V', 8: 'T', 9: 'C', 10: 'L', 11: 'I', 12: 'N', 13: 'D', 14: 'Q', 15: 'K', 16: 'E', 17: 'M', 18: 'H', 19: 'F', 20: 'R', 21: 'Y', 22: 'W', 23: 'M[UNIMOD:35]', 24: 'C[UNIMOD:4]', 25: 'N[UNIMOD:7]', 26: 'Q[UNIMOD:7]', 27: 'S[UNIMOD:21]', 28: 'T[UNIMOD:21]', 29: 'Y[UNIMOD:21]', 30: '[UNIMOD:1]', 31: '[UNIMOD:5]', 32: '[UNIMOD:385]'}
[2025-09-11 14:56:37,834][__main__][INFO] - Loading data
[2025-09-11 14:57:01,385][instanovo.utils.data_handler][INFO] - Verifying loaded data
[2025-09-11 14:57:08,041][__main__][INFO] - Checking for unknown residues in 1,262,032 rows.
[2025-09-11 14:57:10,908][__main__][WARNING] - Unsupported residues found in evaluation set! These rows will be dropped.
[2025-09-11 14:57:10,908][__main__][INFO] - New residues found: 
{'O'}
[2025-09-11 14:57:10,908][__main__][INFO] - Residues supported: 
{'I', 'M', 'R', '[UNIMOD:1]', 'Y', 'C[UNIMOD:4]', 'D', '[PAD]', 'M[UNIMOD:35]', 'N[UNIMOD:7]', 'Q', '[EOS]', 'K', 'S[UNIMOD:21]', 'Y[UNIMOD:21]', 'P', 'E', 'N', 'V', 'C', 'W', 'A', 'H', 'F', '[UNIMOD:385]', '[SOS]', 'T', '[UNIMOD:5]', 'T[UNIMOD:21]', 'Q[UNIMOD:7]', 'L', 'S', 'G'}
[2025-09-11 14:57:41,039][__main__][WARNING] - 1 (0.00%) training rows dropped.
[2025-09-11 14:57:41,039][__main__][WARNING] - 0 (0.00%) validation rows dropped.
[2025-09-11 14:58:09,194][__main__][INFO] - Data loaded: 1,130,230 training samples; 131,801 validation samples
[2025-09-11 14:58:09,407][__main__][INFO] - Checking if any validation set overlaps with training set...
[2025-09-11 14:58:09,421][__main__][INFO] - No data leakage!
[2025-09-11 14:58:09,421][__main__][INFO] - Model checkpointing every 0.34 epochs.
[2025-09-11 14:58:09,421][__main__][INFO] - Sequencing the SpectrumDataset to list
[2025-09-11 15:12:26,810][__main__][INFO] - Pre-processing and caching complete. Original dataframes have been released from memory.
[2025-09-11 15:12:26,811][__main__][INFO] - Updates per epoch: 5,887, step_scale=0.16666666666666666
[2025-09-11 15:12:29,086][__main__][INFO] - Sample batch:
[2025-09-11 15:12:29,087][__main__][INFO] -  - spectra.shape=torch.Size([192, 200, 2])
[2025-09-11 15:12:29,087][__main__][INFO] -  - precursors.shape=torch.Size([192, 3])
[2025-09-11 15:12:29,087][__main__][INFO] -  - spectra_mask.shape=torch.Size([192, 200])
[2025-09-11 15:12:29,087][__main__][INFO] -  - peptides.shape=torch.Size([192, 41])
[2025-09-11 15:12:29,088][__main__][INFO] -  - peptides_mask.shape=torch.Size([192, 41])
[2025-09-11 15:12:29,401][__main__][INFO] - Model loaded with 94,619,169 parameters
[2025-09-11 15:12:29,401][__main__][INFO] - Test forward pass:
[2025-09-11 15:13:29,295][__main__][INFO] -  - y.shape=torch.Size([192, 42, 33])
[2025-09-11 15:13:29,835][__main__][INFO] - Model saving enabled
[2025-09-11 15:13:29,836][__main__][INFO] - Saving every 2000 training steps to /data/48/wuqian/fast/TipsNovo/model_save/
[2025-09-11 15:13:29,836][__main__][INFO] - Initializing Pytorch Lightning trainer.
[2025-09-11 15:13:29,846][__main__][INFO] - InstaNovo training started.
[2025-09-11 15:30:02,193][__main__][INFO] - [VALIDATION] [Epoch 00/29] Starting validation.
[2025-09-11 15:30:13,002][__main__][INFO] - [VALIDATION] [Epoch 00/29 Step 000001] [Batch 00007/00515] [00:00:10/00:11:25, 1.351s/it]
