[2025-08-09 11:18:48,498][__main__][INFO] - Initializing training.
[2025-08-09 11:18:48,498][__main__][INFO] - Python version: 3.10.15 | packaged by conda-forge | (main, Oct 16 2024, 01:24:24) [GCC 13.3.0]
[2025-08-09 11:18:48,498][__main__][INFO] - Torch version: 2.4.1+cu121
[2025-08-09 11:18:48,498][__main__][INFO] - CUDA version: 12.1
[2025-08-09 11:18:48,504][__main__][INFO] - Imported hydra config:
train_path: /data/48/wuqian/Proteometools/test/anno_mgf/300raw_high.mgf
dim_model: 768
n_head: 16
dim_feedforward: 1024
n_layers: 9
dropout: 0.1
use_flash_attention: false
conv_peak_encoder: false
n_peaks: 200
min_mz: 50.0
max_mz: 2500.0
min_intensity: 0.01
remove_precursor_tol: 2.0
max_charge: 10
precursor_mass_tol: 50
isotope_error_range:
- 0
- 1
predict_batch_size: 32
max_length: 40
tb_summarywriter: /data/48/wuqian/fast/TipsNovo/log
warmup_iters: 100
max_iters: 3000000
learning_rate: 0.001
train_batch_size: 128
grad_accumulation: 1
weight_decay: 1.0e-05
gradient_clip_val: 10.0
n_beams: 5
compile_model: true
device: auto
n_gpu: 1
fp16: true
epochs: 30
num_sanity_val_steps: 10
console_logging_steps: 50
tensorboard_logging_steps: 500
report_to: null
run_name: instanovo_300raw_high
train_subset: 1.0
valid_subset: 1.0
valid_subset_of_train: 0.2
val_check_interval: 1.0
lazy_loading: true
max_shard_size: 1000000
preshuffle_shards: true
perform_data_checks: true
validate_precursor_mass: false
verbose_loading: true
model_save_folder_path: /data/48/wuqian/fast/TipsNovo/model_save
save_model: true
save_weights_only: false
ckpt_interval: 2000
train_from_scratch: true
resume_checkpoint: null
residues:
  G: 57.021464
  A: 71.037114
  S: 87.032028
  P: 97.052764
  V: 99.068414
  T: 101.04767
  C: 103.009185
  L: 113.084064
  I: 113.084064
  'N': 114.042927
  D: 115.026943
  Q: 128.058578
  K: 128.094963
  E: 129.042593
  M: 131.040485
  H: 137.058912
  F: 147.068414
  R: 156.101111
  'Y': 163.063329
  W: 186.079313
  M[UNIMOD:35]: 147.0354
  C[UNIMOD:4]: 160.030649
  N[UNIMOD:7]: 115.026943
  Q[UNIMOD:7]: 129.042594
  S[UNIMOD:21]: 166.998028
  T[UNIMOD:21]: 181.01367
  Y[UNIMOD:21]: 243.029329
  '[UNIMOD:1]': 42.010565
  '[UNIMOD:5]': 43.005814
  '[UNIMOD:385]': -17.026549

[2025-08-09 11:18:48,510][__main__][INFO] - Starting transformer training
[2025-08-09 11:18:48,511][__main__][INFO] - Vocab: {0: '[PAD]', 1: '[SOS]', 2: '[EOS]', 3: 'G', 4: 'A', 5: 'S', 6: 'P', 7: 'V', 8: 'T', 9: 'C', 10: 'L', 11: 'I', 12: 'N', 13: 'D', 14: 'Q', 15: 'K', 16: 'E', 17: 'M', 18: 'H', 19: 'F', 20: 'R', 21: 'Y', 22: 'W', 23: 'M[UNIMOD:35]', 24: 'C[UNIMOD:4]', 25: 'N[UNIMOD:7]', 26: 'Q[UNIMOD:7]', 27: 'S[UNIMOD:21]', 28: 'T[UNIMOD:21]', 29: 'Y[UNIMOD:21]', 30: '[UNIMOD:1]', 31: '[UNIMOD:5]', 32: '[UNIMOD:385]'}
[2025-08-09 11:18:48,511][__main__][INFO] - Loading data
[2025-08-09 11:18:48,511][instanovo.utils.data_handler][INFO] - Loading file 001 of 001: /data/48/wuqian/Proteometools/test/anno_mgf/300raw_high.mgf
[2025-08-09 11:25:11,441][instanovo.utils.data_handler][INFO] - Saving temporary file to /tmp/tmp0aoxqm67/temp_776287f1cc7d4430a2dcd9f7667001ba.parquet
[2025-08-09 11:25:14,865][instanovo.utils.data_handler][INFO] - Verifying loaded data
[2025-08-09 11:31:31,145][__main__][INFO] - Validation path not specified, generating from training set.
[2025-08-09 11:31:48,380][__main__][INFO] - Data splits saved to /data/48/wuqian/fast/TipsNovo/model_save/splits.csv
[2025-08-09 11:31:48,380][__main__][INFO] - Checking for unknown residues in 267,485 rows.
[2025-08-09 11:32:10,084][__main__][INFO] - Data loaded: 214,915 training samples; 52,570 validation samples
[2025-08-09 11:32:10,152][__main__][INFO] - Checking if any validation set overlaps with training set...
[2025-08-09 11:32:10,156][__main__][INFO] - No data leakage!
[2025-08-09 11:32:10,156][__main__][INFO] - Model checkpointing every 1.19 epochs.
[2025-08-09 11:32:10,156][__main__][INFO] - Updates per epoch: 1,680, step_scale=0.25
