[2025-08-07 20:18:26,422][__main__][INFO] - Initializing training.
[2025-08-07 20:18:26,422][__main__][INFO] - Python version: 3.10.15 | packaged by conda-forge | (main, Oct 16 2024, 01:24:24) [GCC 13.3.0]
[2025-08-07 20:18:26,423][__main__][INFO] - Torch version: 2.4.1+cu121
[2025-08-07 20:18:26,423][__main__][INFO] - CUDA version: 12.1
[2025-08-07 20:18:26,427][__main__][INFO] - Imported hydra config:
train_path: /data/48/wuqian/fast/TipsNovo/data/tmp/test_128000dup.txt
dim_model: 768
n_head: 16
dim_feedforward: 1024
n_layers: 9
dropout: 0.1
use_flash_attention: false
conv_peak_encoder: false
n_peaks: 200
min_mz: 50.0
max_mz: 2500.0
min_intensity: 0.01
remove_precursor_tol: 2.0
max_charge: 10
precursor_mass_tol: 50
isotope_error_range:
- 0
- 1
max_length: 40
tb_summarywriter: /data/48/wuqian/fast/TipsNovo/log
warmup_iters: 480
max_iters: 3000000
learning_rate: 0.001
train_batch_size: 32
grad_accumulation: 1
device: auto
n_gpu: 1
fp16: true
epochs: 1
num_sanity_val_steps: 10
console_logging_steps: 50
tensorboard_logging_steps: 500
report_to: null
run_name: instanovo_test
valid_subset: 1.0
model_save_folder_path: /data/48/wuqian/fast/TipsNovo/model_save
ckpt_interval: 480
G: 57.021464
A: 71.037114
S: 87.032028
P: 97.052764
V: 99.068414
T: 101.04767
C: 103.009185
L: 113.084064
I: 113.084064
'N': 114.042927
D: 115.026943
Q: 128.058578
K: 128.094963
E: 129.042593
M: 131.040485
H: 137.058912
F: 147.068414
R: 156.101111
'Y': 163.063329
W: 186.079313
M[UNIMOD:35]: 147.0354
C[UNIMOD:4]: 160.030649
N[UNIMOD:7]: 115.026943
Q[UNIMOD:7]: 129.042594
S[UNIMOD:21]: 166.998028
T[UNIMOD:21]: 181.01367
Y[UNIMOD:21]: 243.029329
'[UNIMOD:1]': 42.010565
'[UNIMOD:5]': 43.005814
'[UNIMOD:385]': -17.026549

[2025-08-07 20:18:26,431][__main__][INFO] - Starting transformer training
