[2025-08-07 20:50:11,213][__main__][INFO] - Initializing training.
[2025-08-07 20:50:11,213][__main__][INFO] - Python version: 3.10.15 | packaged by conda-forge | (main, Oct 16 2024, 01:24:24) [GCC 13.3.0]
[2025-08-07 20:50:11,213][__main__][INFO] - Torch version: 2.4.1+cu121
[2025-08-07 20:50:11,213][__main__][INFO] - CUDA version: 12.1
[2025-08-07 20:50:11,217][__main__][INFO] - Imported hydra config:
train_path: /data/48/wuqian/fast/TipsNovo/data/tmp/test_128.mgf
dim_model: 768
n_head: 16
dim_feedforward: 1024
n_layers: 9
dropout: 0.1
use_flash_attention: false
conv_peak_encoder: false
n_peaks: 200
min_mz: 50.0
max_mz: 2500.0
min_intensity: 0.01
remove_precursor_tol: 2.0
max_charge: 10
precursor_mass_tol: 50
isotope_error_range:
- 0
- 1
predict_batch_size: 32
max_length: 40
tb_summarywriter: /data/48/wuqian/fast/TipsNovo/log
warmup_iters: 480
max_iters: 3000000
learning_rate: 0.001
train_batch_size: 32
grad_accumulation: 1
weight_decay: 1.0e-05
gradient_clip_val: 10.0
n_beams: 5
compile_model: true
device: auto
n_gpu: 1
fp16: true
epochs: 1
num_sanity_val_steps: 10
console_logging_steps: 50
tensorboard_logging_steps: 500
report_to: null
run_name: instanovo_test
train_subset: 1.0
valid_subset: 1.0
val_check_interval: 1.0
lazy_loading: true
max_shard_size: 1000000
preshuffle_shards: true
perform_data_checks: true
validate_precursor_mass: false
verbose_loading: true
model_save_folder_path: /data/48/wuqian/fast/TipsNovo/model_save
save_model: true
save_weights_only: false
ckpt_interval: 480
train_from_scratch: true
resume_checkpoint: null
residues:
  G: 57.021464
  A: 71.037114
  S: 87.032028
  P: 97.052764
  V: 99.068414
  T: 101.04767
  C: 103.009185
  L: 113.084064
  I: 113.084064
  'N': 114.042927
  D: 115.026943
  Q: 128.058578
  K: 128.094963
  E: 129.042593
  M: 131.040485
  H: 137.058912
  F: 147.068414
  R: 156.101111
  'Y': 163.063329
  W: 186.079313
  M[UNIMOD:35]: 147.0354
  C[UNIMOD:4]: 160.030649
  N[UNIMOD:7]: 115.026943
  Q[UNIMOD:7]: 129.042594
  S[UNIMOD:21]: 166.998028
  T[UNIMOD:21]: 181.01367
  Y[UNIMOD:21]: 243.029329
  '[UNIMOD:1]': 42.010565
  '[UNIMOD:5]': 43.005814
  '[UNIMOD:385]': -17.026549

[2025-08-07 20:50:11,220][__main__][INFO] - Starting transformer training
[2025-08-07 20:50:11,221][__main__][INFO] - Vocab: {0: '[PAD]', 1: '[SOS]', 2: '[EOS]', 3: 'G', 4: 'A', 5: 'S', 6: 'P', 7: 'V', 8: 'T', 9: 'C', 10: 'L', 11: 'I', 12: 'N', 13: 'D', 14: 'Q', 15: 'K', 16: 'E', 17: 'M', 18: 'H', 19: 'F', 20: 'R', 21: 'Y', 22: 'W', 23: 'M[UNIMOD:35]', 24: 'C[UNIMOD:4]', 25: 'N[UNIMOD:7]', 26: 'Q[UNIMOD:7]', 27: 'S[UNIMOD:21]', 28: 'T[UNIMOD:21]', 29: 'Y[UNIMOD:21]', 30: '[UNIMOD:1]', 31: '[UNIMOD:5]', 32: '[UNIMOD:385]'}
[2025-08-07 20:50:11,221][__main__][INFO] - Loading data
[2025-08-07 20:50:11,221][instanovo.utils.data_handler][INFO] - Loading file 001 of 001: /data/48/wuqian/fast/TipsNovo/data/tmp/test_128.mgf
[2025-08-07 20:50:11,290][instanovo.utils.data_handler][INFO] - Saving temporary file to /tmp/tmpi6xf34_v/temp_de7ba8d42c7541ef9cb7b8b1e01e2243.parquet
[2025-08-07 20:50:11,293][instanovo.utils.data_handler][INFO] - Verifying loaded data
[2025-08-07 20:50:11,371][__main__][INFO] - Validation path not specified, generating from training set.
[2025-08-07 20:50:11,385][__main__][INFO] - Data splits saved to /data/48/wuqian/fast/TipsNovo/model_save/splits.csv
[2025-08-07 20:50:11,385][__main__][INFO] - Checking for unknown residues in 128 rows.
[2025-08-07 20:50:11,388][__main__][WARNING] - Unsupported residues found in evaluation set! These rows will be dropped.
[2025-08-07 20:50:11,388][__main__][INFO] - New residues found: 
{'N+0.984', 'M+15.995', 'C+57.021'}
[2025-08-07 20:50:11,388][__main__][INFO] - Residues supported: 
{'R', 'M[UNIMOD:35]', '[UNIMOD:1]', 'L', 'P', 'W', '[EOS]', '[SOS]', 'Y', 'I', 'F', 'S[UNIMOD:21]', 'T[UNIMOD:21]', '[UNIMOD:5]', 'D', 'T', 'Q', 'K', 'C', 'M', 'Q[UNIMOD:7]', 'E', 'G', '[UNIMOD:385]', 'N', 'S', 'V', 'Y[UNIMOD:21]', 'H', '[PAD]', 'C[UNIMOD:4]', 'A', 'N[UNIMOD:7]'}
[2025-08-07 20:50:11,397][__main__][WARNING] - 18 (18.56%) training rows dropped.
[2025-08-07 20:50:11,397][__main__][WARNING] - 7 (22.58%) validation rows dropped.
[2025-08-07 20:50:11,408][__main__][INFO] - Data loaded: 79 training samples; 24 validation samples
[2025-08-07 20:50:11,409][__main__][INFO] - Checking if any validation set overlaps with training set...
[2025-08-07 20:50:11,410][__main__][INFO] - No data leakage!
[2025-08-07 20:50:11,410][__main__][WARNING] - Model checkpoint will never save. Attempting to save every 194.43 epochs but only training for 1 epochs. Check ckpt_interval in config.
[2025-08-07 20:50:11,410][__main__][WARNING] - Model warmup is greater than one epoch of the training set. Check warmup_iters in config
[2025-08-07 20:50:11,410][__main__][INFO] - Updates per epoch: 3, step_scale=1.0
[2025-08-07 20:50:20,047][__main__][INFO] - Sample batch:
[2025-08-07 20:50:20,047][__main__][INFO] -  - spectra.shape=torch.Size([32, 200, 2])
[2025-08-07 20:50:20,047][__main__][INFO] -  - precursors.shape=torch.Size([32, 3])
[2025-08-07 20:50:20,047][__main__][INFO] -  - spectra_mask.shape=torch.Size([32, 200])
[2025-08-07 20:50:20,047][__main__][INFO] -  - peptides.shape=torch.Size([32, 41])
[2025-08-07 20:50:20,047][__main__][INFO] -  - peptides_mask.shape=torch.Size([32, 41])
[2025-08-07 20:50:20,186][__main__][INFO] - Model loaded with 94,619,169 parameters
[2025-08-07 20:50:20,186][__main__][INFO] - Test forward pass:
[2025-08-07 20:50:21,733][__main__][INFO] -  - y.shape=torch.Size([32, 42, 33])
[2025-08-07 20:50:22,535][__main__][INFO] - Model saving enabled
[2025-08-07 20:50:22,535][__main__][INFO] - Saving every 480 training steps to /data/48/wuqian/fast/TipsNovo/model_save
[2025-08-07 20:50:22,535][__main__][INFO] - Initializing Pytorch Lightning trainer.
[2025-08-07 20:50:22,543][__main__][INFO] - InstaNovo training started.
[2025-08-07 20:50:23,105][__main__][INFO] - [VALIDATION] [Epoch 00/00] Starting validation.
[2025-08-07 20:50:24,849][__main__][INFO] - [VALIDATION] [Epoch 00/00] Starting validation.
[2025-08-07 20:50:25,566][__main__][INFO] - [VALIDATION] [Epoch 00/00] train_loss=3.58672, valid_loss=3.40311
[2025-08-07 20:50:25,566][__main__][INFO] - [VALIDATION] [Epoch 00/00] Metrics:
[2025-08-07 20:50:25,566][__main__][INFO] - [VALIDATION] [Epoch 00/00] - aa_er      0.905
[2025-08-07 20:50:25,566][__main__][INFO] - [VALIDATION] [Epoch 00/00] - aa_prec    0.011
[2025-08-07 20:50:25,566][__main__][INFO] - [VALIDATION] [Epoch 00/00] - aa_recall  0.011
[2025-08-07 20:50:25,566][__main__][INFO] - [VALIDATION] [Epoch 00/00] - pep_recall 0.000
[2025-08-07 20:50:25,568][__main__][INFO] - [TRAIN] [Epoch 00/00] Epoch complete, total time 00:00:01, remaining time 00:00:00, 00:00:01 per epoch
[2025-08-07 20:50:26,840][__main__][INFO] - InstaNovo training finished.
